2025-05-16T10:49:59.785Z [ITTERM] info: Odddiy log
2025-05-16T10:49:59.788Z [ITTERM] error: Error ma'lumoti
2025-05-16T10:49:59.789Z [ITTERM] warn: Warn ma'lumoti
2025-05-16T10:49:59.789Z [ITTERM] info: Info ma'lumoti
2025-05-16T10:50:06.715Z [ITTERM] info: Odddiy log
2025-05-16T10:50:06.718Z [ITTERM] error: Error ma'lumoti
2025-05-16T10:50:06.718Z [ITTERM] warn: Warn ma'lumoti
2025-05-16T10:50:06.719Z [ITTERM] info: Info ma'lumoti
2025-05-16T10:50:31.476Z [ITTERM] info: Odddiy log
2025-05-16T10:50:31.478Z [ITTERM] error: Error ma'lumoti
2025-05-16T10:50:31.479Z [ITTERM] warn: Warn ma'lumoti
2025-05-16T10:50:31.479Z [ITTERM] info: Info ma'lumoti
2025-05-16T10:50:33.810Z [ITTERM] info: Odddiy log
2025-05-16T10:50:33.812Z [ITTERM] error: Error ma'lumoti
2025-05-16T10:50:33.813Z [ITTERM] warn: Warn ma'lumoti
2025-05-16T10:50:33.813Z [ITTERM] info: Info ma'lumoti
2025-05-16T10:50:42.791Z [ITTERM] info: Odddiy log
2025-05-16T10:50:42.794Z [ITTERM] error: Error ma'lumoti
2025-05-16T10:50:42.794Z [ITTERM] warn: Warn ma'lumoti
2025-05-16T10:50:42.794Z [ITTERM] info: Info ma'lumoti
2025-05-16T10:50:48.858Z [ITTERM] info: Odddiy log
2025-05-16T10:50:48.861Z [ITTERM] error: Error ma'lumoti
2025-05-16T10:50:48.861Z [ITTERM] warn: Warn ma'lumoti
2025-05-16T10:50:48.861Z [ITTERM] info: Info ma'lumoti
2025-05-16T10:51:04.384Z [ITTERM] info: Odddiy log
2025-05-16T10:51:04.387Z [ITTERM] error: Error ma'lumoti
2025-05-16T10:51:04.387Z [ITTERM] warn: Warn ma'lumoti
2025-05-16T10:51:04.388Z [ITTERM] info: Info ma'lumoti
2025-05-16T10:51:06.803Z [ITTERM] info: Odddiy log
2025-05-16T10:51:06.806Z [ITTERM] error: Error ma'lumoti
2025-05-16T10:51:06.807Z [ITTERM] warn: Warn ma'lumoti
2025-05-16T10:51:06.807Z [ITTERM] info: Info ma'lumoti
2025-05-16T10:51:08.472Z [ITTERM] info: Odddiy log
2025-05-16T10:51:08.475Z [ITTERM] error: Error ma'lumoti
2025-05-16T10:51:08.476Z [ITTERM] warn: Warn ma'lumoti
2025-05-16T10:51:08.476Z [ITTERM] info: Info ma'lumoti
2025-05-16T10:51:13.537Z [ITTERM] info: Odddiy log
2025-05-16T10:51:13.540Z [ITTERM] error: Error ma'lumoti
2025-05-16T10:51:13.541Z [ITTERM] warn: Warn ma'lumoti
2025-05-16T10:51:13.541Z [ITTERM] info: Info ma'lumoti
2025-05-16T10:51:19.461Z [ITTERM] info: Odddiy log
2025-05-16T10:51:19.464Z [ITTERM] error: Error ma'lumoti
2025-05-16T10:51:19.465Z [ITTERM] warn: Warn ma'lumoti
2025-05-16T10:51:19.465Z [ITTERM] info: Info ma'lumoti
2025-05-16T10:51:59.697Z [ITTERM] info: Odddiy log
2025-05-16T10:51:59.699Z [ITTERM] error: Error ma'lumoti
2025-05-16T10:51:59.700Z [ITTERM] warn: Warn ma'lumoti
2025-05-16T10:51:59.700Z [ITTERM] info: Info ma'lumoti
2025-05-16T10:52:04.029Z [ITTERM] info: Odddiy log
2025-05-16T10:52:04.032Z [ITTERM] error: Error ma'lumoti
2025-05-16T10:52:04.033Z [ITTERM] warn: Warn ma'lumoti
2025-05-16T10:52:04.034Z [ITTERM] info: Info ma'lumoti
2025-05-16T10:52:05.138Z [ITTERM] info: Odddiy log
2025-05-16T10:52:05.140Z [ITTERM] error: Error ma'lumoti
2025-05-16T10:52:05.141Z [ITTERM] warn: Warn ma'lumoti
2025-05-16T10:52:05.141Z [ITTERM] info: Info ma'lumoti
2025-05-16T10:52:10.296Z [ITTERM] info: Odddiy log
2025-05-16T10:52:10.299Z [ITTERM] error: Error ma'lumoti
2025-05-16T10:52:10.300Z [ITTERM] warn: Warn ma'lumoti
2025-05-16T10:52:10.300Z [ITTERM] info: Info ma'lumoti
2025-05-16T10:52:15.143Z [ITTERM] info: Odddiy log
2025-05-16T10:52:15.146Z [ITTERM] error: Error ma'lumoti
2025-05-16T10:52:15.146Z [ITTERM] warn: Warn ma'lumoti
2025-05-16T10:52:15.146Z [ITTERM] info: Info ma'lumoti
2025-05-16T10:52:19.696Z [ITTERM] info: Odddiy log
2025-05-16T10:52:19.699Z [ITTERM] error: Error ma'lumoti
2025-05-16T10:52:19.700Z [ITTERM] warn: Warn ma'lumoti
2025-05-16T10:52:19.700Z [ITTERM] info: Info ma'lumoti
2025-05-16T10:52:33.726Z [ITTERM] info: Odddiy log
2025-05-16T10:52:33.729Z [ITTERM] error: Error ma'lumoti
2025-05-16T10:52:33.730Z [ITTERM] warn: Warn ma'lumoti
2025-05-16T10:52:33.730Z [ITTERM] info: Info ma'lumoti
2025-05-16T10:53:14.771Z [ITTERM] info: Odddiy log
2025-05-16T10:53:14.773Z [ITTERM] error: Error ma'lumoti
2025-05-16T10:53:14.774Z [ITTERM] warn: Warn ma'lumoti
2025-05-16T10:53:14.774Z [ITTERM] info: Info ma'lumoti
2025-05-16T10:53:18.572Z [ITTERM] info: Odddiy log
2025-05-16T10:53:18.575Z [ITTERM] error: Error ma'lumoti
2025-05-16T10:53:18.576Z [ITTERM] warn: Warn ma'lumoti
2025-05-16T10:53:18.576Z [ITTERM] info: Info ma'lumoti
2025-05-16T10:53:26.319Z [ITTERM] info: Odddiy log
2025-05-16T10:53:26.322Z [ITTERM] error: Error ma'lumoti
2025-05-16T10:53:26.323Z [ITTERM] warn: Warn ma'lumoti
2025-05-16T10:53:26.323Z [ITTERM] info: Info ma'lumoti
2025-05-16T10:53:39.714Z [ITTERM] info: Odddiy log
2025-05-16T10:53:39.717Z [ITTERM] error: Error ma'lumoti
2025-05-16T10:53:39.718Z [ITTERM] warn: Warn ma'lumoti
2025-05-16T10:53:39.718Z [ITTERM] info: Info ma'lumoti
2025-05-16T10:53:56.302Z [ITTERM] info: Odddiy log
2025-05-16T10:53:56.305Z [ITTERM] error: Error ma'lumoti
2025-05-16T10:53:56.306Z [ITTERM] warn: Warn ma'lumoti
2025-05-16T10:53:56.306Z [ITTERM] info: Info ma'lumoti
2025-05-16T10:53:59.605Z [ITTERM] info: Odddiy log
2025-05-16T10:53:59.609Z [ITTERM] error: Error ma'lumoti
2025-05-16T10:53:59.609Z [ITTERM] warn: Warn ma'lumoti
2025-05-16T10:53:59.609Z [ITTERM] info: Info ma'lumoti
2025-05-16T10:54:00.604Z [ITTERM] info: Odddiy log
2025-05-16T10:54:00.607Z [ITTERM] error: Error ma'lumoti
2025-05-16T10:54:00.608Z [ITTERM] warn: Warn ma'lumoti
2025-05-16T10:54:00.608Z [ITTERM] info: Info ma'lumoti
2025-05-16T10:54:02.189Z [ITTERM] info: Odddiy log
2025-05-16T10:54:02.192Z [ITTERM] error: Error ma'lumoti
2025-05-16T10:54:02.193Z [ITTERM] warn: Warn ma'lumoti
2025-05-16T10:54:02.193Z [ITTERM] info: Info ma'lumoti
2025-05-16T10:54:08.455Z [ITTERM] info: Odddiy log
2025-05-16T10:54:08.457Z [ITTERM] error: Error ma'lumoti
2025-05-16T10:54:08.458Z [ITTERM] warn: Warn ma'lumoti
2025-05-16T10:54:08.458Z [ITTERM] info: Info ma'lumoti
2025-05-16T10:54:58.852Z [ITTERM] info: Odddiy log
2025-05-16T10:54:58.855Z [ITTERM] error: Error ma'lumoti
2025-05-16T10:54:58.855Z [ITTERM] warn: Warn ma'lumoti
2025-05-16T10:54:58.856Z [ITTERM] info: Info ma'lumoti
2025-05-16T10:56:45.639Z [ITTERM] info: Odddiy log
2025-05-16T10:56:45.642Z [ITTERM] error: Error ma'lumoti
2025-05-16T10:56:45.642Z [ITTERM] warn: Warn ma'lumoti
2025-05-16T10:56:45.642Z [ITTERM] info: Info ma'lumoti
2025-05-16T10:57:42.008Z [ITTERM] info: Odddiy log
2025-05-16T10:57:42.011Z [ITTERM] error: Error ma'lumoti
2025-05-16T10:57:42.012Z [ITTERM] warn: Warn ma'lumoti
2025-05-16T10:57:42.012Z [ITTERM] info: Info ma'lumoti
2025-05-16T10:57:43.291Z [ITTERM] info: Odddiy log
2025-05-16T10:57:43.293Z [ITTERM] error: Error ma'lumoti
2025-05-16T10:57:43.294Z [ITTERM] warn: Warn ma'lumoti
2025-05-16T10:57:43.294Z [ITTERM] info: Info ma'lumoti
2025-05-16T10:57:44.967Z [ITTERM] info: Odddiy log
2025-05-16T10:57:44.970Z [ITTERM] error: Error ma'lumoti
2025-05-16T10:57:44.970Z [ITTERM] warn: Warn ma'lumoti
2025-05-16T10:57:44.971Z [ITTERM] info: Info ma'lumoti
2025-05-16T10:57:46.753Z [ITTERM] info: Odddiy log
2025-05-16T10:57:46.756Z [ITTERM] error: Error ma'lumoti
2025-05-16T10:57:46.757Z [ITTERM] warn: Warn ma'lumoti
2025-05-16T10:57:46.757Z [ITTERM] info: Info ma'lumoti
2025-05-16T10:58:01.963Z [ITTERM] info: Odddiy log
2025-05-16T10:58:01.966Z [ITTERM] error: Error ma'lumoti
2025-05-16T10:58:01.967Z [ITTERM] warn: Warn ma'lumoti
2025-05-16T10:58:01.967Z [ITTERM] info: Info ma'lumoti
2025-05-16T10:58:11.315Z [ITTERM] error: Expected double-quoted property name in JSON at position 84 (line 4 column 1)
2025-05-16T10:58:39.470Z [ITTERM] error: Expected ',' or '}' after property value in JSON at position 49 (line 3 column 5)
2025-05-16T11:00:10.854Z [ITTERM] info: Odddiy log
2025-05-16T11:00:10.857Z [ITTERM] error: Error ma'lumoti
2025-05-16T11:00:10.858Z [ITTERM] warn: Warn ma'lumoti
2025-05-16T11:00:10.858Z [ITTERM] info: Info ma'lumoti
2025-05-16T11:01:50.273Z [ITTERM] info: Odddiy log
2025-05-16T11:01:50.276Z [ITTERM] error: Error ma'lumoti
2025-05-16T11:01:50.276Z [ITTERM] warn: Warn ma'lumoti
2025-05-16T11:01:50.277Z [ITTERM] info: Info ma'lumoti
2025-05-16T11:01:53.590Z [ITTERM] info: Odddiy log
2025-05-16T11:01:53.593Z [ITTERM] error: Error ma'lumoti
2025-05-16T11:01:53.593Z [ITTERM] warn: Warn ma'lumoti
2025-05-16T11:01:53.593Z [ITTERM] info: Info ma'lumoti
2025-05-16T11:01:57.812Z [ITTERM] info: Odddiy log
2025-05-16T11:01:57.815Z [ITTERM] error: Error ma'lumoti
2025-05-16T11:01:57.815Z [ITTERM] warn: Warn ma'lumoti
2025-05-16T11:01:57.816Z [ITTERM] info: Info ma'lumoti
2025-05-16T11:02:03.132Z [ITTERM] info: Odddiy log
2025-05-16T11:02:03.135Z [ITTERM] error: Error ma'lumoti
2025-05-16T11:02:03.135Z [ITTERM] warn: Warn ma'lumoti
2025-05-16T11:02:03.136Z [ITTERM] info: Info ma'lumoti
2025-05-16T11:06:42.060Z [ITTERM] info: Odddiy log
2025-05-16T11:06:42.064Z [ITTERM] error: Error ma'lumoti
2025-05-16T11:06:42.065Z [ITTERM] warn: Warn ma'lumoti
2025-05-16T11:06:42.065Z [ITTERM] info: Info ma'lumoti
