2025-05-16T10:46:48.394Z [ITTERM] info: Odddiy log
2025-05-16T10:46:48.396Z [ITTERM] error: Error ma'lumoti
2025-05-16T10:46:48.397Z [ITTERM] warn: Warn ma'lumoti
2025-05-16T10:46:48.397Z [ITTERM] info: Info ma'lumoti
2025-05-16T10:46:49.598Z [ITTERM] info: Odddiy log
2025-05-16T10:46:49.603Z [ITTERM] error: Error ma'lumoti
2025-05-16T10:46:49.604Z [ITTERM] warn: Warn ma'lumoti
2025-05-16T10:46:49.604Z [ITTERM] info: Info ma'lumoti
2025-05-16T10:48:21.568Z [ITTERM] info: Odddiy log
2025-05-16T10:48:21.570Z [ITTERM] error: Error ma'lumoti
2025-05-16T10:48:21.571Z [ITTERM] warn: Warn ma'lumoti
2025-05-16T10:48:21.571Z [ITTERM] info: Info ma'lumoti
2025-05-16T10:48:28.047Z [ITTERM] info: Odddiy log
2025-05-16T10:48:28.049Z [ITTERM] error: Error ma'lumoti
2025-05-16T10:48:28.050Z [ITTERM] warn: Warn ma'lumoti
2025-05-16T10:48:28.050Z [ITTERM] info: Info ma'lumoti
2025-05-16T10:48:33.854Z [ITTERM] info: Odddiy log
2025-05-16T10:48:33.857Z [ITTERM] error: Error ma'lumoti
2025-05-16T10:48:33.857Z [ITTERM] warn: Warn ma'lumoti
2025-05-16T10:48:33.857Z [ITTERM] info: Info ma'lumoti
2025-05-16T10:48:46.671Z [ITTERM] info: Odddiy log
2025-05-16T10:48:46.674Z [ITTERM] error: Error ma'lumoti
2025-05-16T10:48:46.675Z [ITTERM] warn: Warn ma'lumoti
2025-05-16T10:48:46.676Z [ITTERM] info: Info ma'lumoti
2025-05-16T10:48:52.563Z [ITTERM] info: Odddiy log
2025-05-16T10:48:52.566Z [ITTERM] error: Error ma'lumoti
2025-05-16T10:48:52.567Z [ITTERM] warn: Warn ma'lumoti
2025-05-16T10:48:52.567Z [ITTERM] info: Info ma'lumoti
2025-05-16T10:48:57.383Z [ITTERM] info: Odddiy log
2025-05-16T10:48:57.386Z [ITTERM] error: Error ma'lumoti
2025-05-16T10:48:57.386Z [ITTERM] warn: Warn ma'lumoti
2025-05-16T10:48:57.386Z [ITTERM] info: Info ma'lumoti
2025-05-16T10:49:28.815Z [ITTERM] info: Odddiy log
2025-05-16T10:49:28.818Z [ITTERM] error: Error ma'lumoti
2025-05-16T10:49:28.819Z [ITTERM] warn: Warn ma'lumoti
2025-05-16T10:49:28.819Z [ITTERM] info: Info ma'lumoti
2025-05-16T10:49:53.120Z [ITTERM] info: Odddiy log
2025-05-16T10:49:53.120Z [ITTERM] info: Odddiy log
2025-05-16T10:49:53.122Z [ITTERM] error: Error ma'lumoti
2025-05-16T10:49:53.123Z [ITTERM] warn: Warn ma'lumoti
2025-05-16T10:49:53.123Z [ITTERM] info: Info ma'lumoti
2025-05-16T10:49:53.122Z [ITTERM] error: Error ma'lumoti
2025-05-16T10:49:53.123Z [ITTERM] warn: Warn ma'lumoti
2025-05-16T10:49:53.123Z [ITTERM] info: Info ma'lumoti
2025-05-16T10:49:59.785Z [ITTERM] info: Odddiy log
2025-05-16T10:49:59.788Z [ITTERM] error: Error ma'lumoti
2025-05-16T10:49:59.789Z [ITTERM] warn: Warn ma'lumoti
2025-05-16T10:49:59.789Z [ITTERM] info: Info ma'lumoti
2025-05-16T10:50:06.715Z [ITTERM] info: Odddiy log
2025-05-16T10:50:06.718Z [ITTERM] error: Error ma'lumoti
2025-05-16T10:50:06.718Z [ITTERM] warn: Warn ma'lumoti
2025-05-16T10:50:06.719Z [ITTERM] info: Info ma'lumoti
2025-05-16T10:50:42.794Z [ITTERM] error: Error ma'lumoti
2025-05-16T10:50:48.861Z [ITTERM] error: Error ma'lumoti
2025-05-16T10:51:04.387Z [ITTERM] error: Error ma'lumoti
2025-05-16T10:51:06.806Z [ITTERM] error: Error ma'lumoti
2025-05-16T10:51:08.475Z [ITTERM] error: Error ma'lumoti
2025-05-16T10:51:13.540Z [ITTERM] error: Error ma'lumoti
2025-05-16T10:51:19.464Z [ITTERM] error: Error ma'lumoti
2025-05-16T10:51:59.699Z [ITTERM] error: Error ma'lumoti
2025-05-16T10:52:04.032Z [ITTERM] error: Error ma'lumoti
2025-05-16T10:52:05.140Z [ITTERM] error: Error ma'lumoti
2025-05-16T10:52:10.299Z [ITTERM] error: Error ma'lumoti
2025-05-16T10:52:15.146Z [ITTERM] error: Error ma'lumoti
2025-05-16T10:52:19.699Z [ITTERM] error: Error ma'lumoti
2025-05-16T10:52:33.729Z [ITTERM] error: Error ma'lumoti
2025-05-16T10:53:14.773Z [ITTERM] error: Error ma'lumoti
2025-05-16T10:53:18.575Z [ITTERM] error: Error ma'lumoti
2025-05-16T10:53:26.322Z [ITTERM] error: Error ma'lumoti
2025-05-16T10:53:39.717Z [ITTERM] error: Error ma'lumoti
2025-05-16T10:53:56.305Z [ITTERM] error: Error ma'lumoti
2025-05-16T10:53:59.609Z [ITTERM] error: Error ma'lumoti
2025-05-16T10:54:00.607Z [ITTERM] error: Error ma'lumoti
2025-05-16T10:54:02.192Z [ITTERM] error: Error ma'lumoti
2025-05-16T10:54:08.457Z [ITTERM] error: Error ma'lumoti
2025-05-16T10:54:58.855Z [ITTERM] error: Error ma'lumoti
2025-05-16T10:56:45.642Z [ITTERM] error: Error ma'lumoti
2025-05-16T10:57:42.011Z [ITTERM] error: Error ma'lumoti
2025-05-16T10:57:43.293Z [ITTERM] error: Error ma'lumoti
2025-05-16T10:57:44.970Z [ITTERM] error: Error ma'lumoti
2025-05-16T10:57:46.756Z [ITTERM] error: Error ma'lumoti
2025-05-16T10:58:01.966Z [ITTERM] error: Error ma'lumoti
2025-05-16T10:58:11.315Z [ITTERM] error: Expected double-quoted property name in JSON at position 84 (line 4 column 1)
2025-05-16T10:58:39.470Z [ITTERM] error: Expected ',' or '}' after property value in JSON at position 49 (line 3 column 5)
2025-05-16T11:00:10.857Z [ITTERM] error: Error ma'lumoti
2025-05-16T11:01:50.276Z [ITTERM] error: Error ma'lumoti
2025-05-16T11:01:53.593Z [ITTERM] error: Error ma'lumoti
2025-05-16T11:01:57.815Z [ITTERM] error: Error ma'lumoti
2025-05-16T11:02:03.135Z [ITTERM] error: Error ma'lumoti
2025-05-16T11:06:42.064Z [ITTERM] error: Error ma'lumoti
